<?xml version="1.0" encoding="UTF-8" ?>
<testsuite failures="0" time="0.948" errors="0" skipped="0" tests="7" name="com.gdn.venice.facade.logistics.activity.processor.RPXActivityReportProcessorTest">
  <properties>
    <property name="java.runtime.name" value="Java(TM) SE Runtime Environment"/>
    <property name="sun.boot.library.path" value="/usr/local/jdk1.6.0_45/jre/lib/amd64"/>
    <property name="java.vm.version" value="20.45-b01"/>
    <property name="java.vm.vendor" value="Sun Microsystems Inc."/>
    <property name="java.vendor.url" value="http://java.sun.com/"/>
    <property name="path.separator" value=":"/>
    <property name="guice.disable.misplaced.annotation.check" value="true"/>
    <property name="java.vm.name" value="Java HotSpot(TM) 64-Bit Server VM"/>
    <property name="file.encoding.pkg" value="sun.io"/>
    <property name="user.country" value="US"/>
    <property name="sun.java.launcher" value="SUN_STANDARD"/>
    <property name="sun.os.patch.level" value="unknown"/>
    <property name="java.vm.specification.name" value="Java Virtual Machine Specification"/>
    <property name="user.dir" value="/home/fedora/Projects/Venice-Maven-GIT/venice/Venice"/>
    <property name="java.runtime.version" value="1.6.0_45-b06"/>
    <property name="java.awt.graphicsenv" value="sun.awt.X11GraphicsEnvironment"/>
    <property name="java.endorsed.dirs" value="/usr/local/jdk1.6.0_45/jre/lib/endorsed"/>
    <property name="os.arch" value="amd64"/>
    <property name="java.io.tmpdir" value="/tmp"/>
    <property name="line.separator" value="
"/>
    <property name="java.vm.specification.vendor" value="Sun Microsystems Inc."/>
    <property name="os.name" value="Linux"/>
    <property name="classworlds.conf" value="/home/fedora/Projects/Venice-Maven-GIT/.metadata/.plugins/org.eclipse.m2e.launching/launches/m2conf7680736391377002307.tmp"/>
    <property name="sun.jnu.encoding" value="UTF-8"/>
    <property name="java.library.path" value="/usr/local/jdk1.6.0_45/jre/lib/amd64/server:/usr/local/jdk1.6.0_45/jre/lib/amd64:/usr/local/jdk1.6.0_45/jre/../lib/amd64:/usr/java/packages/lib/amd64:/usr/lib64:/lib64:/lib:/usr/lib"/>
    <property name="java.specification.name" value="Java Platform API Specification"/>
    <property name="java.class.version" value="50.0"/>
    <property name="sun.management.compiler" value="HotSpot 64-Bit Tiered Compilers"/>
    <property name="os.version" value="3.1.0-7.fc16.x86_64"/>
    <property name="user.home" value="/home/fedora"/>
    <property name="user.timezone" value="Asia/Jakarta"/>
    <property name="java.awt.printerjob" value="sun.print.PSPrinterJob"/>
    <property name="file.encoding" value="UTF-8"/>
    <property name="java.specification.version" value="1.6"/>
    <property name="user.name" value="fedora"/>
    <property name="java.class.path" value="/opt/eclipse-kepler/configuration/org.eclipse.osgi/bundles/528/1/.cp/jars/plexus-classworlds-2.4.jar"/>
    <property name="java.vm.specification.version" value="1.0"/>
    <property name="sun.arch.data.model" value="64"/>
    <property name="java.home" value="/usr/local/jdk1.6.0_45/jre"/>
    <property name="sun.java.command" value="org.codehaus.plexus.classworlds.launcher.Launcher -B -s /home/fedora/.m2/settings.xml install"/>
    <property name="java.specification.vendor" value="Sun Microsystems Inc."/>
    <property name="user.language" value="en"/>
    <property name="java.vm.info" value="mixed mode"/>
    <property name="java.version" value="1.6.0_45"/>
    <property name="java.ext.dirs" value="/usr/local/jdk1.6.0_45/jre/lib/ext:/usr/java/packages/lib/ext"/>
    <property name="securerandom.source" value="file:/dev/./urandom"/>
    <property name="sun.boot.class.path" value="/usr/local/jdk1.6.0_45/jre/lib/resources.jar:/usr/local/jdk1.6.0_45/jre/lib/rt.jar:/usr/local/jdk1.6.0_45/jre/lib/sunrsasign.jar:/usr/local/jdk1.6.0_45/jre/lib/jsse.jar:/usr/local/jdk1.6.0_45/jre/lib/jce.jar:/usr/local/jdk1.6.0_45/jre/lib/charsets.jar:/usr/local/jdk1.6.0_45/jre/lib/modules/jdk.boot.jar:/usr/local/jdk1.6.0_45/jre/classes"/>
    <property name="java.vendor" value="Sun Microsystems Inc."/>
    <property name="maven.home" value="/home/fedora/Projects/Venice-Maven-GIT/venice/Venice/EMBEDDED"/>
    <property name="file.separator" value="/"/>
    <property name="java.vendor.url.bug" value="http://java.sun.com/cgi-bin/bugreport.cgi"/>
    <property name="maven.bootclasspath" value="/opt/eclipse-kepler/configuration/org.eclipse.osgi/bundles/528/1/.cp/jars/plexus-classworlds-2.4.jar"/>
    <property name="sun.cpu.endian" value="little"/>
    <property name="sun.io.unicode.encoding" value="UnicodeLittle"/>
    <property name="sun.desktop" value="gnome"/>
    <property name="sun.cpu.isalist" value=""/>
  </properties>
  <testcase time="0.369" classname="com.gdn.venice.facade.logistics.activity.processor.RPXActivityReportProcessorTest" name="processEachOrderItem_orderItemBeforeAirwaybillEngine_executeProcessOrderItemBeforeAWBEngine"/>
  <testcase time="0.01" classname="com.gdn.venice.facade.logistics.activity.processor.RPXActivityReportProcessorTest" name="processEachOrderItem_orderItemAfterAirwaybillEngine_executeProcessOrderItemBeforeAWBEngine"/>
  <testcase time="0.012" classname="com.gdn.venice.facade.logistics.activity.processor.RPXActivityReportProcessorTest" name="composeLogAirwayBill_orderItemNewStatusIsCX_updatedSuccessfully"/>
  <testcase time="0.008" classname="com.gdn.venice.facade.logistics.activity.processor.RPXActivityReportProcessorTest" name="composeLogAirwayBill_invalidPUDate_updateFail"/>
  <testcase time="0.008" classname="com.gdn.venice.facade.logistics.activity.processor.RPXActivityReportProcessorTest" name="composeLogAirwayBill_orderItemNewStatusIsCXWithInvalidReceivedDate_updateFail"/>
  <testcase time="0.009" classname="com.gdn.venice.facade.logistics.activity.processor.RPXActivityReportProcessorTest" name="composeLogAirwayBill_newOrderItemStatusIsD_receivedRecipientRelationIsNotEmptyInLogAirwayBill"/>
  <testcase time="0.008" classname="com.gdn.venice.facade.logistics.activity.processor.RPXActivityReportProcessorTest" name="composeLogAirwayBillAfterAWBEngine_newOrderItemStatusIsD_receivedRecipientRelationIsNotEmptyInAirwayBillTransaction"/>
</testsuite>